#
# There is insufficient memory for the Java Runtime Environment to continue.
# Native memory allocation (mmap) failed to map 134217728 bytes for Failed to commit area from 0x0000000080e00000 to 0x0000000088e00000 of length 134217728.
# Possible reasons:
#   The system is out of physical RAM or swap space
#   The process is running with CompressedOops enabled, and the Java Heap may be blocking the growth of the native heap
# Possible solutions:
#   Reduce memory load on the system
#   Increase physical memory or swap space
#   Check if swap backing store is full
#   Decrease Java heap size (-Xmx/-Xms)
#   Decrease number of Java threads
#   Decrease Java thread stack sizes (-Xss)
#   Set larger code cache with -XX:ReservedCodeCacheSize=
# This output file may be truncated or incomplete.
#
#  Out of Memory Error (t:/workspace/open/src/hotspot/os/windows/os_windows.cpp:3301), pid=8656, tid=17144
#
# JRE version:  (13.0.2+8) (build )
# Java VM: Java HotSpot(TM) 64-Bit Server VM (13.0.2+8, mixed mode, aot, sharing, tiered, compressed oops, g1 gc, windows-amd64)
# No core dump will be written. Minidumps are not enabled by default on client versions of Windows
#

---------------  S U M M A R Y ------------

Command Line: -Dfile.encoding=Cp1252 --module-path=C:\Users\Andrew\eclipse-workspace\JavaSwingthing\bin -Djdk.module.main=JavaSwingthing JavaSwingthing/app.MainWindow

Host: Intel(R) Core(TM) i5-6500 CPU @ 3.20GHz, 4 cores, 7G,  Windows 10 , 64 bit Build 18362 (10.0.18362.329)
Time: Wed Mar 11 13:13:43 2020 GMT Standard Time elapsed time: 0 seconds (0d 0h 0m 0s)

---------------  T H R E A D  ---------------

Current thread (0x000002323dda1800):  JavaThread "Unknown thread" [_thread_in_vm, id=17144, stack(0x0000008fc0a00000,0x0000008fc0b00000)]

Stack: [0x0000008fc0a00000,0x0000008fc0b00000]
Native frames: (J=compiled Java code, j=interpreted, Vv=VM code, C=native code)
V  [jvm.dll+0x624f9a]
V  [jvm.dll+0x770cfa]
V  [jvm.dll+0x7724af]
V  [jvm.dll+0x772ab3]
V  [jvm.dll+0x24bf08]
V  [jvm.dll+0x6222aa]
V  [jvm.dll+0x6170b5]
V  [jvm.dll+0x30a88c]
V  [jvm.dll+0x30a6c2]
V  [jvm.dll+0x30fe36]
V  [jvm.dll+0x353f46]
V  [jvm.dll+0x353720]
V  [jvm.dll+0x2e550a]
V  [jvm.dll+0x2e67a2]
V  [jvm.dll+0x74dd78]
V  [jvm.dll+0x361989]
V  [jvm.dll+0x730e65]
V  [jvm.dll+0x3cc53f]
V  [jvm.dll+0x3ce861]
C  [jli.dll+0x51ff]
C  [ucrtbase.dll+0x20e72]
C  [KERNEL32.DLL+0x17bd4]
C  [ntdll.dll+0x6ced1]


---------------  P R O C E S S  ---------------

Threads class SMR info:
_java_thread_list=0x00007ffbaa28ccb8, length=0, elements={
}

Java Threads: ( => current thread )

Other Threads:
  0x000002323dde3800 GCTaskThread "GC Thread#0" [stack: 0x0000008fc0b00000,0x0000008fc0c00000] [id=17152]
  0x000002323ddf5000 ConcurrentGCThread "G1 Main Marker" [stack: 0x0000008fc0c00000,0x0000008fc0d00000] [id=15612]
  0x000002323ddf6800 ConcurrentGCThread "G1 Conc#0" [stack: 0x0000008fc0d00000,0x0000008fc0e00000] [id=17284]

[error occurred during error reporting (printing all threads), id 0xc0000005, EXCEPTION_ACCESS_VIOLATION (0xc0000005) at pc=0x00007ffba9ac51d7]

VM state:not at safepoint (not fully initialized)

VM Mutex/Monitor currently owned by a thread:  ([mutex/lock_event])
[0x000002323dd9da80] Heap_lock - owner thread: 0x000002323dda1800

Heap address: 0x0000000080e00000, size: 2034 MB, Compressed Oops mode: Non-zero based: 0x0000000080e00000
Narrow klass base: 0x0000000000000000, Narrow klass shift: 0

GC Heap History (0 events):
No events

Deoptimization events (0 events):
No events

Classes unloaded (0 events):
No events

Classes redefined (0 events):
No events

Internal exceptions (0 events):
No events

Events (8 events):
Event: 0.007 Loaded shared library C:\Program Files\Java\jdk-13.0.2\bin\zip.dll
Event: 0.007 Loaded shared library C:\Program Files\Java\jdk-13.0.2\bin\jimage.dll
Event: 0.009 Loading shared library C:\Program Files\Java\jdk-13.0.2\lib\libjava.base-coop.dll failed, error code 126
Event: 0.009 Loading shared library C:\Program Files\Java\jdk-13.0.2\lib\libjava.logging-coop.dll failed, error code 126
Event: 0.009 Loading shared library C:\Program Files\Java\jdk-13.0.2\lib\libjdk.compiler-coop.dll failed, error code 126
Event: 0.009 Loading shared library C:\Program Files\Java\jdk-13.0.2\lib\libjdk.scripting.nashorn-coop.dll failed, error code 126
Event: 0.009 Loading shared library C:\Program Files\Java\jdk-13.0.2\lib\libjdk.internal.vm.ci-coop.dll failed, error code 126
Event: 0.009 Loading shared library C:\Program Files\Java\jdk-13.0.2\lib\libjdk.internal.vm.compiler-coop.dll failed, error code 126


Dynamic libraries:
0x00007ff7aeab0000 - 0x00007ff7aeabf000 	C:\Program Files\Java\jdk-13.0.2\bin\javaw.exe
0x00007ffc02780000 - 0x00007ffc02970000 	C:\WINDOWS\SYSTEM32\ntdll.dll
0x00007ffc01980000 - 0x00007ffc01a32000 	C:\WINDOWS\System32\KERNEL32.DLL
0x00007ffbffbd0000 - 0x00007ffbffe73000 	C:\WINDOWS\System32\KERNELBASE.dll
0x00007ffbffa30000 - 0x00007ffbffb2a000 	C:\WINDOWS\System32\ucrtbase.dll
0x00007ffbdee10000 - 0x00007ffbdee25000 	C:\Program Files\Java\jdk-13.0.2\bin\VCRUNTIME140.dll
0x00007ffbda660000 - 0x00007ffbda678000 	C:\Program Files\Java\jdk-13.0.2\bin\jli.dll
0x00007ffc01a40000 - 0x00007ffc01ae3000 	C:\WINDOWS\System32\ADVAPI32.dll
0x00007ffc01b80000 - 0x00007ffc01c1e000 	C:\WINDOWS\System32\msvcrt.dll
0x00007ffc008b0000 - 0x00007ffc00947000 	C:\WINDOWS\System32\sechost.dll
0x00007ffc01c30000 - 0x00007ffc01d50000 	C:\WINDOWS\System32\RPCRT4.dll
0x00007ffc025a0000 - 0x00007ffc02734000 	C:\WINDOWS\System32\USER32.dll
0x00007ffbff7c0000 - 0x00007ffbff7e1000 	C:\WINDOWS\System32\win32u.dll
0x00007ffbef6d0000 - 0x00007ffbef955000 	C:\WINDOWS\WinSxS\amd64_microsoft.windows.common-controls_6595b64144ccf1df_6.0.18362.657_none_e6c5b579130e3898\COMCTL32.dll
0x00007ffc00950000 - 0x00007ffc00976000 	C:\WINDOWS\System32\GDI32.dll
0x00007ffc02260000 - 0x00007ffc02596000 	C:\WINDOWS\System32\combase.dll
0x00007ffbff890000 - 0x00007ffbffa24000 	C:\WINDOWS\System32\gdi32full.dll
0x00007ffbffb30000 - 0x00007ffbffbce000 	C:\WINDOWS\System32\msvcp_win.dll
0x00007ffc00600000 - 0x00007ffc00680000 	C:\WINDOWS\System32\bcryptPrimitives.dll
0x00007ffbf7b10000 - 0x00007ffbf7b1a000 	C:\WINDOWS\SYSTEM32\VERSION.dll
0x00007ffc01fb0000 - 0x00007ffc01fde000 	C:\WINDOWS\System32\IMM32.DLL
0x00007ffbc3a90000 - 0x00007ffbc3b2b000 	C:\Program Files\Java\jdk-13.0.2\bin\msvcp140.dll
0x00007ffba97d0000 - 0x00007ffbaa32d000 	C:\Program Files\Java\jdk-13.0.2\bin\server\jvm.dll
0x00007ffc01c20000 - 0x00007ffc01c28000 	C:\WINDOWS\System32\PSAPI.DLL
0x00007ffbbc600000 - 0x00007ffbbc609000 	C:\WINDOWS\SYSTEM32\WSOCK32.dll
0x00007ffbfd1a0000 - 0x00007ffbfd1c4000 	C:\WINDOWS\SYSTEM32\WINMM.dll
0x00007ffc01d50000 - 0x00007ffc01dbf000 	C:\WINDOWS\System32\WS2_32.dll
0x00007ffbfcd10000 - 0x00007ffbfcd3d000 	C:\WINDOWS\SYSTEM32\WINMMBASE.dll
0x00007ffbff820000 - 0x00007ffbff86a000 	C:\WINDOWS\System32\cfgmgr32.dll
0x00007ffbff660000 - 0x00007ffbff671000 	C:\WINDOWS\System32\kernel.appcore.dll
0x00007ffbf83c0000 - 0x00007ffbf83d0000 	C:\Program Files\Java\jdk-13.0.2\bin\verify.dll
0x00007ffbfdee0000 - 0x00007ffbfe0d4000 	C:\WINDOWS\SYSTEM32\DBGHELP.DLL
0x00007ffbfd3d0000 - 0x00007ffbfd3fa000 	C:\WINDOWS\SYSTEM32\dbgcore.DLL
0x00007ffbeb600000 - 0x00007ffbeb626000 	C:\Program Files\Java\jdk-13.0.2\bin\java.dll
0x00007ffbec070000 - 0x00007ffbec087000 	C:\Program Files\Java\jdk-13.0.2\bin\zip.dll
0x00007ffbecc80000 - 0x00007ffbecc8a000 	C:\Program Files\Java\jdk-13.0.2\bin\jimage.dll

dbghelp: loaded successfully - version: 4.0.5 - missing functions: none
symbol engine: initialized successfully - sym options: 0x614 - pdb path: .;C:\Program Files\Java\jdk-13.0.2\bin;C:\WINDOWS\SYSTEM32;C:\WINDOWS\WinSxS\amd64_microsoft.windows.common-controls_6595b64144ccf1df_6.0.18362.657_none_e6c5b579130e3898;C:\Program Files\Java\jdk-13.0.2\bin\server

VM Arguments:
jvm_args: -Dfile.encoding=Cp1252 --module-path=C:\Users\Andrew\eclipse-workspace\JavaSwingthing\bin -Djdk.module.main=JavaSwingthing 
java_command: JavaSwingthing/app.MainWindow
java_class_path (initial): <not set>
Launcher Type: SUN_STANDARD

[Global flags]
     intx CICompilerCount                          = 3                                         {product} {ergonomic}
     uint ConcGCThreads                            = 1                                         {product} {ergonomic}
     uint G1ConcRefinementThreads                  = 4                                         {product} {ergonomic}
   size_t G1HeapRegionSize                         = 1048576                                   {product} {ergonomic}
    uintx GCDrainStackTargetSize                   = 64                                        {product} {ergonomic}
   size_t InitialHeapSize                          = 134217728                                 {product} {ergonomic}
   size_t MarkStackSize                            = 4194304                                   {product} {ergonomic}
   size_t MaxHeapSize                              = 2132803584                                {product} {ergonomic}
   size_t MinHeapDeltaBytes                        = 1048576                                   {product} {ergonomic}
   size_t MinHeapSize                              = 8388608                                   {product} {ergonomic}
    uintx NonNMethodCodeHeapSize                   = 5832780                                {pd product} {ergonomic}
    uintx NonProfiledCodeHeapSize                  = 122912730                              {pd product} {ergonomic}
    uintx ProfiledCodeHeapSize                     = 122912730                              {pd product} {ergonomic}
    uintx ReservedCodeCacheSize                    = 251658240                              {pd product} {ergonomic}
     bool SegmentedCodeCache                       = true                                      {product} {ergonomic}
   size_t SoftMaxHeapSize                          = 2132803584                             {manageable} {ergonomic}
     bool UseCompressedClassPointers               = true                                 {lp64_product} {ergonomic}
     bool UseCompressedOops                        = true                                 {lp64_product} {ergonomic}
     bool UseG1GC                                  = true                                      {product} {ergonomic}
     bool UseLargePagesIndividualAllocation        = false                                  {pd product} {ergonomic}

Logging:
Log output configuration:
 #0: stdout all=warning uptime,level,tags
 #1: stderr all=off uptime,level,tags

Environment Variables:
PATH=C:/Program Files/Java/jdk-13.0.2/bin/server;C:/Program Files/Java/jdk-13.0.2/bin;C:\Program Files (x86)\Common Files\Oracle\Java\javapath;C:\WINDOWS\system32;C:\WINDOWS;C:\WINDOWS\System32\Wbem;C:\WINDOWS\System32\WindowsPowerShell\v1.0\;C:\WINDOWS\System32\OpenSSH\;C:\Program Files\NVIDIA Corporation\NVIDIA NvDLISR;C:\WINDOWS\system32;C:\WINDOWS;C:\WINDOWS\System32\Wbem;C:\WINDOWS\System32\WindowsPowerShell\v1.0\;C:\WINDOWS\System32\OpenSSH\;C:\Program Files\PuTTY\;C:\Program Files\Geth;C:\Program Files (x86)\NVIDIA Corporation\PhysX\Common;C:\Users\Andrew\AppData\Local\Microsoft\WindowsApps;;C:\WINDOWS\system32;
USERNAME=Andrew
OS=Windows_NT
PROCESSOR_IDENTIFIER=Intel64 Family 6 Model 94 Stepping 3, GenuineIntel



---------------  S Y S T E M  ---------------

OS: Windows 10 , 64 bit Build 18362 (10.0.18362.329)

CPU:total 4 (initial active 4) (4 cores per cpu, 1 threads per core) family 6 model 94 stepping 3, cmov, cx8, fxsr, mmx, sse, sse2, sse3, ssse3, sse4.1, sse4.2, popcnt, avx, avx2, aes, clmul, erms, rtm, 3dnowpref, lzcnt, tsc, tscinvbit, bmi1, bmi2, adx, fma

Memory: 4k page, system-wide physical 8134M (931M free)
TotalPageFile size 24437M (AvailPageFile size 35M)
current process WorkingSet (physical memory assigned to process): 10M, peak: 10M
current process commit charge ("private bytes"): 52M, peak: 180M

vm_info: Java HotSpot(TM) 64-Bit Server VM (13.0.2+8) for windows-amd64 JRE (13.0.2+8), built on Dec 11 2019 09:20:33 by "mach5one" with unknown MS VC++:1916

END.
